<?xml version="1.0" encoding="UTF-8"?>
<testng-results skipped="0" failed="0" ignored="0" total="1" passed="1">
  <reporter-output>
  </reporter-output>
  <suite name="Default suite" duration-ms="16815" started-at="2023-07-10T05:37:28Z" finished-at="2023-07-10T05:37:45Z">
    <groups>
    </groups>
    <test name="Default test" duration-ms="16815" started-at="2023-07-10T05:37:28Z" finished-at="2023-07-10T05:37:45Z">
      <class name="com.EasyCalculations.Locators.DemoID">
        <test-method status="PASS" signature="TestNameDemo()[pri:0, instance:com.EasyCalculations.Locators.DemoID@2ef5e5e3]" name="TestNameDemo" duration-ms="16772" started-at="2023-07-10T05:37:28Z" finished-at="2023-07-10T05:37:45Z">
          <reporter-output>
          </reporter-output>
        </test-method> <!-- TestNameDemo -->
      </class> <!-- com.EasyCalculations.Locators.DemoID -->
    </test> <!-- Default test -->
  </suite> <!-- Default suite -->
</testng-results>
